<?xml version="1.0" encoding="UTF-8"?>
<!-- Generated by org.testng.reporters.JUnitReportReporter -->
<testsuite skipped="0" hostname="tamaraPC" name="TestFrameWork_Test.HomePageContentTest" tests="10" failures="0" timestamp="03 Feb 2018 08:53:18 GMT" time="3.674" errors="0">
  <testcase name="test_Home_Page_Footer" time="0.045" classname="TestFrameWork_Test.HomePageContentTest"/>
  <testcase name="test_Home_Page_DepartmentsLink" time="0.049" classname="TestFrameWork_Test.HomePageContentTest"/>
  <testcase name="test_Home_Page_DepartmentsList" time="3.110" classname="TestFrameWork_Test.HomePageContentTest"/>
  <testcase name="test_Home_Page_FooterLinks" time="0.040" classname="TestFrameWork_Test.HomePageContentTest"/>
  <testcase name="test_Home_Page_SignInLink" time="0.027" classname="TestFrameWork_Test.HomePageContentTest"/>
  <testcase name="test_Home_Page_OrdersLink" time="0.030" classname="TestFrameWork_Test.HomePageContentTest"/>
  <testcase name="test_Home_Page_OrdersCart" time="0.025" classname="TestFrameWork_Test.HomePageContentTest"/>
  <testcase name="test_Home_Page_TryPrime" time="0.035" classname="TestFrameWork_Test.HomePageContentTest"/>
  <testcase name="test_Home_Page_DropBox" time="0.277" classname="TestFrameWork_Test.HomePageContentTest"/>
  <testcase name="test_Home_Page_SearchBox" time="0.036" classname="TestFrameWork_Test.HomePageContentTest"/>
</testsuite> <!-- TestFrameWork_Test.HomePageContentTest -->
