<?xml version="1.0" encoding="UTF-8"?>
<!-- Generated by org.testng.reporters.JUnitReportReporter -->
<testsuite skipped="0" hostname="tamaraPC" name="TestFrameWork_Test.NavigationLinksTest" tests="7" failures="0" timestamp="01 Feb 2018 06:23:50 GMT" time="22.296" errors="0">
  <testcase name="test_TryPrimeLink" time="3.654" classname="TestFrameWork_Test.NavigationLinksTest"/>
  <testcase name="test_SignInLink" time="2.207" classname="TestFrameWork_Test.NavigationLinksTest"/>
  <testcase name="test_DayDealsLink" time="4.670" classname="TestFrameWork_Test.NavigationLinksTest"/>
  <testcase name="test_GiftCardsLink" time="3.239" classname="TestFrameWork_Test.NavigationLinksTest"/>
  <testcase name="test_RegistryLink" time="2.384" classname="TestFrameWork_Test.NavigationLinksTest"/>
  <testcase name="test_HelpLink" time="2.354" classname="TestFrameWork_Test.NavigationLinksTest"/>
  <testcase name="test_SellLink" time="3.788" classname="TestFrameWork_Test.NavigationLinksTest"/>
</testsuite> <!-- TestFrameWork_Test.NavigationLinksTest -->
