<?xml version="1.0" encoding="UTF-8"?>
<!-- Generated by org.testng.reporters.JUnitReportReporter -->
<testsuite skipped="0" hostname="tamaraPC" name="TestFrameWork_Test.NewAccountTest" tests="1" failures="0" timestamp="03 Feb 2018 06:37:39 GMT" time="1.433" errors="0">
  <testcase name="createNewAccount" time="1.433" classname="TestFrameWork_Test.NewAccountTest"/>
</testsuite> <!-- TestFrameWork_Test.NewAccountTest -->
