<?xml version="1.0" encoding="UTF-8"?>
<!-- Generated by org.testng.reporters.JUnitReportReporter -->
<testsuite skipped="0" hostname="tamaraPC" name="TestFrameWork_Test.HomePageTest" tests="1" failures="0" timestamp="27 Jan 2018 04:28:29 GMT" time="4.828" errors="0">
  <testcase name="test_Home_Page_Departments" time="4.828" classname="TestFrameWork_Test.HomePageTest"/>
</testsuite> <!-- TestFrameWork_Test.HomePageTest -->
