<?xml version="1.0" encoding="UTF-8"?>
<!-- Generated by org.testng.reporters.JUnitReportReporter -->
<testsuite skipped="0" hostname="tamaraPC" name="TestFrameWork_Test.RegressionTest" tests="1" failures="0" timestamp="19 Jan 2018 05:23:02 GMT" time="11.674" errors="0">
  <testcase name="f" time="11.674" classname="TestFrameWork_Test.RegressionTest"/>
</testsuite> <!-- TestFrameWork_Test.RegressionTest -->
