<?xml version="1.0" encoding="UTF-8"?>
<!-- Generated by org.testng.reporters.JUnitReportReporter -->
<testsuite skipped="0" hostname="tamaraPC" name="TestFrameWork_Test.SignInTest" tests="2" failures="0" timestamp="30 Jan 2018 06:25:02 GMT" time="7.907" errors="0">
  <testcase name="createNewAccount" time="1.339" classname="TestFrameWork_Test.SignInTest"/>
  <testcase name="signIn" time="6.568" classname="TestFrameWork_Test.SignInTest"/>
</testsuite> <!-- TestFrameWork_Test.SignInTest -->
