<?xml version="1.0" encoding="UTF-8"?>
<!-- Generated by org.testng.reporters.JUnitReportReporter -->
<testsuite skipped="0" hostname="tamaraPC" name="TestFrameWork_Test.NewTest" tests="1" failures="0" timestamp="11 Jan 2018 06:27:14 GMT" time="0.007" errors="0">
  <testcase name="f" time="0.007" classname="TestFrameWork_Test.NewTest"/>
</testsuite> <!-- TestFrameWork_Test.NewTest -->
