<?xml version="1.0" encoding="UTF-8"?>
<!-- Generated by org.testng.reporters.JUnitReportReporter -->
<testsuite skipped="0" hostname="tamaraPC" name="TestFrameWork_Test.NavigationLinksTest" tests="7" failures="0" timestamp="30 Jan 2018 06:32:00 GMT" time="29.637" errors="0">
  <testcase name="test_TryPrimeLink" time="4.382" classname="TestFrameWork_Test.NavigationLinksTest"/>
  <testcase name="test_SignInLink" time="4.549" classname="TestFrameWork_Test.NavigationLinksTest"/>
  <testcase name="test_DayDealsLink" time="3.950" classname="TestFrameWork_Test.NavigationLinksTest"/>
  <testcase name="test_GiftCardsLink" time="4.987" classname="TestFrameWork_Test.NavigationLinksTest"/>
  <testcase name="test_RegistryLink" time="3.046" classname="TestFrameWork_Test.NavigationLinksTest"/>
  <testcase name="test_SellLink" time="6.084" classname="TestFrameWork_Test.NavigationLinksTest"/>
  <testcase name="test_HelpLink" time="2.639" classname="TestFrameWork_Test.NavigationLinksTest"/>
</testsuite> <!-- TestFrameWork_Test.NavigationLinksTest -->
