<?xml version="1.0" encoding="UTF-8"?>
<!-- Generated by org.testng.reporters.JUnitReportReporter -->
<testsuite skipped="0" hostname="tamaraPC" name="TestFrameWork_Test.HomePageContentTest" tests="10" failures="0" timestamp="29 Jan 2018 01:45:05 GMT" time="5.198" errors="0">
  <testcase name="test_Home_Page_DepartmentsLink" time="0.124" classname="TestFrameWork_Test.HomePageContentTest"/>
  <testcase name="test_Home_Page_DepartmentsList" time="4.618" classname="TestFrameWork_Test.HomePageContentTest"/>
  <testcase name="test_Home_Page_SignInLink" time="0.027" classname="TestFrameWork_Test.HomePageContentTest"/>
  <testcase name="test_Home_Page_OrdersLink" time="0.027" classname="TestFrameWork_Test.HomePageContentTest"/>
  <testcase name="test_Home_Page_OrdersCart" time="0.025" classname="TestFrameWork_Test.HomePageContentTest"/>
  <testcase name="test_Home_Page_DropBox" time="0.236" classname="TestFrameWork_Test.HomePageContentTest"/>
  <testcase name="test_Home_Page_TryPrime" time="0.038" classname="TestFrameWork_Test.HomePageContentTest"/>
  <testcase name="test_Home_Page_SearchBox" time="0.036" classname="TestFrameWork_Test.HomePageContentTest"/>
  <testcase name="test_Home_Page_Footer" time="0.033" classname="TestFrameWork_Test.HomePageContentTest"/>
  <testcase name="test_Home_Page_FooterLinks" time="0.034" classname="TestFrameWork_Test.HomePageContentTest"/>
</testsuite> <!-- TestFrameWork_Test.HomePageContentTest -->
